<?xml version="1.0" encoding="UTF-8"?>
<testsuite name="HashMapTest" tests="1" skipped="0" failures="0" errors="0" timestamp="2021-04-09T11:36:47" hostname="DESKTOP-3HQBDQU" time="0.199">
  <properties/>
  <testcase name="SimpleTest()" classname="HashMapTest" time="0.199"/>
  <system-out><![CDATA[]]></system-out>
  <system-err><![CDATA[]]></system-err>
</testsuite>
